[debug] ----------------------------------------------------------------------
[debug] Command:      C:\Program Files\nodejs\node.exe C:\Users\luisj\AppData\Roaming\npm\node_modules\firebase-tools\bin\firebase deploy
[debug] CLI Version:  3.4.0
[debug] Platform:     win32
[debug] Node Version: v7.5.0
[debug] Time:         Sat Mar 04 2017 11:46:46 GMT-0500 (Eastern Standard Time)
[debug] ----------------------------------------------------------------------
[debug] 
[error] 
[error] Error: No project active, but project aliases are available.

Run firebase use <alias> with one of these options:

  default (luis-castillo-portfolio)
  PortfolioDemo (luis-castillo-portfolio)
  demo (fir-857e8)
[debug] Error: EPERM: operation not permitted, rename 'C:\Users\luisj\.config\configstore\firebase-tools.json.303805337' -> 'C:\Users\luisj\.config\configstore\firebase-tools.json'
    at Object.fs.renameSync (fs.js:742:18)
    at Function.writeFileSync [as sync] (C:\Users\luisj\AppData\Roaming\npm\node_modules\firebase-tools\node_modules\write-file-atomic\index.js:95:8)
    at Configstore.set (C:\Users\luisj\AppData\Roaming\npm\node_modules\firebase-tools\node_modules\configstore\index.js:62:21)
    at Configstore.set (C:\Users\luisj\AppData\Roaming\npm\node_modules\firebase-tools\node_modules\configstore\index.js:93:11)
    at Request._callback (C:\Users\luisj\AppData\Roaming\npm\node_modules\firebase-tools\lib\fetchMOTD.js:51:19)
    at Request.self.callback (C:\Users\luisj\AppData\Roaming\npm\node_modules\firebase-tools\node_modules\request\request.js:186:22)
    at emitTwo (events.js:106:13)
    at Request.emit (events.js:192:7)
    at Request.<anonymous> (C:\Users\luisj\AppData\Roaming\npm\node_modules\firebase-tools\node_modules\request\request.js:1081:10)
    at emitOne (events.js:96:13)
[error] 
[error] Error: An unexpected error has occurred.
[debug] ----------------------------------------------------------------------
[debug] Command:      C:\Program Files\nodejs\node.exe C:\Users\luisj\AppData\Roaming\npm\node_modules\firebase-tools\bin\firebase deploy
[debug] CLI Version:  3.4.0
[debug] Platform:     win32
[debug] Node Version: v7.5.0
[debug] Time:         Sat Mar 04 2017 11:49:44 GMT-0500 (Eastern Standard Time)
[debug] ----------------------------------------------------------------------
[debug] 
[error] 
[error] Error: No project active, but project aliases are available.

Run firebase use <alias> with one of these options:

  default (luis-castillo-portfolio)
  PortfolioDemo (luis-castillo-portfolio)
  demo (fir-857e8)
[debug] Error: EPERM: operation not permitted, rename 'C:\Users\luisj\.config\configstore\firebase-tools.json.484030727' -> 'C:\Users\luisj\.config\configstore\firebase-tools.json'
    at Object.fs.renameSync (fs.js:742:18)
    at Function.writeFileSync [as sync] (C:\Users\luisj\AppData\Roaming\npm\node_modules\firebase-tools\node_modules\write-file-atomic\index.js:95:8)
    at Configstore.set (C:\Users\luisj\AppData\Roaming\npm\node_modules\firebase-tools\node_modules\configstore\index.js:62:21)
    at Configstore.set (C:\Users\luisj\AppData\Roaming\npm\node_modules\firebase-tools\node_modules\configstore\index.js:93:11)
    at Request._callback (C:\Users\luisj\AppData\Roaming\npm\node_modules\firebase-tools\lib\fetchMOTD.js:51:19)
    at Request.self.callback (C:\Users\luisj\AppData\Roaming\npm\node_modules\firebase-tools\node_modules\request\request.js:186:22)
    at emitTwo (events.js:106:13)
    at Request.emit (events.js:192:7)
    at Request.<anonymous> (C:\Users\luisj\AppData\Roaming\npm\node_modules\firebase-tools\node_modules\request\request.js:1081:10)
    at emitOne (events.js:96:13)
[error] 
[error] Error: An unexpected error has occurred.
[debug] ----------------------------------------------------------------------
[debug] Command:      C:\Program Files\nodejs\node.exe C:\Users\luisj\AppData\Roaming\npm\node_modules\firebase-tools\bin\firebase deploy
[debug] CLI Version:  3.4.0
[debug] Platform:     win32
[debug] Node Version: v7.5.0
[debug] Time:         Sat Mar 04 2017 11:49:53 GMT-0500 (Eastern Standard Time)
[debug] ----------------------------------------------------------------------
[debug] 
[error] 
[error] Error: No project active, but project aliases are available.

Run firebase use <alias> with one of these options:

  default (luis-castillo-portfolio)
  PortfolioDemo (luis-castillo-portfolio)
  demo (fir-857e8)
[debug] Error: EPERM: operation not permitted, rename 'C:\Users\luisj\.config\configstore\firebase-tools.json.949677776' -> 'C:\Users\luisj\.config\configstore\firebase-tools.json'
    at Object.fs.renameSync (fs.js:742:18)
    at Function.writeFileSync [as sync] (C:\Users\luisj\AppData\Roaming\npm\node_modules\firebase-tools\node_modules\write-file-atomic\index.js:95:8)
    at Configstore.set (C:\Users\luisj\AppData\Roaming\npm\node_modules\firebase-tools\node_modules\configstore\index.js:62:21)
    at Configstore.set (C:\Users\luisj\AppData\Roaming\npm\node_modules\firebase-tools\node_modules\configstore\index.js:93:11)
    at Request._callback (C:\Users\luisj\AppData\Roaming\npm\node_modules\firebase-tools\lib\fetchMOTD.js:51:19)
    at Request.self.callback (C:\Users\luisj\AppData\Roaming\npm\node_modules\firebase-tools\node_modules\request\request.js:186:22)
    at emitTwo (events.js:106:13)
    at Request.emit (events.js:192:7)
    at Request.<anonymous> (C:\Users\luisj\AppData\Roaming\npm\node_modules\firebase-tools\node_modules\request\request.js:1081:10)
    at emitOne (events.js:96:13)
[error] 
[error] Error: An unexpected error has occurred.
[debug] ----------------------------------------------------------------------
[debug] Command:      C:\Program Files\nodejs\node.exe C:\Users\luisj\AppData\Roaming\npm\node_modules\firebase-tools\bin\firebase deploy
[debug] CLI Version:  3.4.0
[debug] Platform:     win32
[debug] Node Version: v7.5.0
[debug] Time:         Sat Mar 04 2017 11:50:13 GMT-0500 (Eastern Standard Time)
[debug] ----------------------------------------------------------------------
[debug] 
[error] 
[error] Error: No project active, but project aliases are available.

Run firebase use <alias> with one of these options:

  default (luis-castillo-portfolio)
  PortfolioDemo (luis-castillo-portfolio)
  demo (fir-857e8)
[debug] Error: EPERM: operation not permitted, rename 'C:\Users\luisj\.config\configstore\firebase-tools.json.1901687734' -> 'C:\Users\luisj\.config\configstore\firebase-tools.json'
    at Object.fs.renameSync (fs.js:742:18)
    at Function.writeFileSync [as sync] (C:\Users\luisj\AppData\Roaming\npm\node_modules\firebase-tools\node_modules\write-file-atomic\index.js:95:8)
    at Configstore.set (C:\Users\luisj\AppData\Roaming\npm\node_modules\firebase-tools\node_modules\configstore\index.js:62:21)
    at Configstore.set (C:\Users\luisj\AppData\Roaming\npm\node_modules\firebase-tools\node_modules\configstore\index.js:93:11)
    at Request._callback (C:\Users\luisj\AppData\Roaming\npm\node_modules\firebase-tools\lib\fetchMOTD.js:51:19)
    at Request.self.callback (C:\Users\luisj\AppData\Roaming\npm\node_modules\firebase-tools\node_modules\request\request.js:186:22)
    at emitTwo (events.js:106:13)
    at Request.emit (events.js:192:7)
    at Request.<anonymous> (C:\Users\luisj\AppData\Roaming\npm\node_modules\firebase-tools\node_modules\request\request.js:1081:10)
    at emitOne (events.js:96:13)
[error] 
[error] Error: An unexpected error has occurred.
